1	10013c68
1	43d41c
0	43d420
1	43d9d4
1	43d9d8
0	43d9dc
1	43d474
0	10016b4c
0	43d478
1	41e82c
0	100169ac
0	41e830
0	41e834
0	10019d38
0	41e838
0	41e83c
1	10019d44
1	41e840
0	100169ac
1	41e844
0	41e848
0	10019d48
1	41e84c
0	10019d3c
0	41e850
0	41e854
0	41e858
1	41e85c
1	10019d3c
0	41e860
0	100169ac
0	41e864
0	41e868
0	10019d34
1	41e86c
0	10019d3c
1	41e870
0	10019d40
0	41e874
1	41e878
1	41e87c
1	41e880
0	41e884
0	41e8a0
0	100169ac
0	41e8a4
0	41e8a8
1	10019d38
1	41e8ac
0	100169ac
0	41e8b0
0	41e8b4
0	10019d44
1	41e8b8
0	41e8bc
1	10025c50
1	41e8c0
0	10025c50
0	41e8c4
0	7ffd8a50
0	41e8c8
1	41e8cc
0	41e8d0
0	41e8d4
1	41e8d8
1	10025c50
0	41e8dc
0	7ffd8a4c
1	41e8e0
1	41e8e4
0	41e8e8
1	43d3f0
0	10013c68
0	43d3f4
1	43d3f8
1	10025c54
0	43d3fc
0	7ffd8a68
0	43d400
1	10025c6c
0	43d404
1	10025c68
0	43d408
1	10025c64
1	43d40c
1	10025c60
0	43d410
0	7ffd8a64
0	43d414
1	43d418
1	10013c68
1	43d41c
0	43d420
1	43d9d4
1	43d9d8
0	43d9dc
1	43d474
0	10016b4c
0	43d478